/*
/
/	This file was generated automatically using mcgw launcher :)
/
*/

19:00:32 | [ warn  ] | utils.cpp::gen_struct() -> Minecraft stucture already generated.
19:00:32 | [ trace ] | utils.cpp::gen_struct() -> Directory '.minecraft/versions' succesfully created.
19:00:32 | [ trace ] | utils.cpp::gen_struct() -> Directory '.minecraft/libraries' succesfully created.
19:00:32 | [ trace ] | utils.cpp::gen_struct() -> Directory '.minecraft/assets' succesfully created.
19:00:32 | [ trace ] | utils.cpp::gen_struct() -> Directory '.minecraft/resourcepacks' succesfully created.
19:00:32 | [ trace ] | utils.cpp::gen_struct() -> Directory '.minecraft/saves' succesfully created.
19:00:32 | [ trace ] | utils.cpp::gen_struct() -> Directory '.minecraft/screenshots' succesfully created.
19:00:32 | [ trace ] | utils.cpp::gen_struct() -> Directory '.minecraft/logs' succesfully created.
19:00:32 | [ trace ] | utils.cpp::gen_struct() -> Directory '.minecraft/mcgw_runtime' succesfully created.
19:00:32 | [ trace ] | utils.cpp::gen_struct() -> Directory '.minecraft/bin' succesfully created.
19:00:32 | [ trace ] | network.cpp::download() -> 'version_manifest.json' file started downloading.
19:00:33 | [ info  ] | network.cpp::download() -> File 'version_manifest.json' successfully downloaded!
19:00:33 | [ trace ] | network.cpp::download() -> '1.20.1.json' file started downloading.
19:00:33 | [ info  ] | network.cpp::download() -> File '1.20.1.json' successfully downloaded!
19:00:33 | [ trace ] | network.cpp::download() -> 'java-objc-bridge-1.1.jar' file started downloading.
19:00:33 | [ info  ] | network.cpp::download() -> File 'java-objc-bridge-1.1.jar' successfully downloaded!
19:00:33 | [ trace ] | network.cpp::download() -> 'oshi-core-6.2.2.jar' file started downloading.
19:00:33 | [ info  ] | network.cpp::download() -> File 'oshi-core-6.2.2.jar' successfully downloaded!
19:00:33 | [ trace ] | network.cpp::download() -> 'gson-2.10.jar' file started downloading.
19:00:34 | [ info  ] | network.cpp::download() -> File 'gson-2.10.jar' successfully downloaded!
19:00:34 | [ trace ] | network.cpp::download() -> 'failureaccess-1.0.1.jar' file started downloading.
19:00:34 | [ info  ] | network.cpp::download() -> File 'failureaccess-1.0.1.jar' successfully downloaded!
19:00:34 | [ trace ] | network.cpp::download() -> 'guava-31.1-jre.jar' file started downloading.
19:00:34 | [ info  ] | network.cpp::download() -> File 'guava-31.1-jre.jar' successfully downloaded!
19:00:34 | [ trace ] | network.cpp::download() -> 'icu4j-71.1.jar' file started downloading.
19:00:35 | [ info  ] | network.cpp::download() -> File 'icu4j-71.1.jar' successfully downloaded!
19:00:35 | [ trace ] | network.cpp::download() -> 'authlib-4.0.43.jar' file started downloading.
19:00:35 | [ info  ] | network.cpp::download() -> File 'authlib-4.0.43.jar' successfully downloaded!
19:00:35 | [ trace ] | network.cpp::download() -> 'blocklist-1.0.10.jar' file started downloading.
19:00:35 | [ info  ] | network.cpp::download() -> File 'blocklist-1.0.10.jar' successfully downloaded!
19:00:35 | [ trace ] | network.cpp::download() -> 'brigadier-1.1.8.jar' file started downloading.
19:00:36 | [ info  ] | network.cpp::download() -> File 'brigadier-1.1.8.jar' successfully downloaded!
19:00:36 | [ trace ] | network.cpp::download() -> 'datafixerupper-6.0.8.jar' file started downloading.
19:00:36 | [ info  ] | network.cpp::download() -> File 'datafixerupper-6.0.8.jar' successfully downloaded!
19:00:36 | [ trace ] | network.cpp::download() -> 'logging-1.1.1.jar' file started downloading.
19:00:36 | [ info  ] | network.cpp::download() -> File 'logging-1.1.1.jar' successfully downloaded!
19:00:36 | [ trace ] | network.cpp::download() -> 'patchy-2.2.10.jar' file started downloading.
19:00:36 | [ info  ] | network.cpp::download() -> File 'patchy-2.2.10.jar' successfully downloaded!
19:00:36 | [ trace ] | network.cpp::download() -> 'text2speech-1.17.9.jar' file started downloading.
19:00:37 | [ info  ] | network.cpp::download() -> File 'text2speech-1.17.9.jar' successfully downloaded!
19:00:37 | [ trace ] | network.cpp::download() -> 'commons-codec-1.15.jar' file started downloading.
19:00:37 | [ info  ] | network.cpp::download() -> File 'commons-codec-1.15.jar' successfully downloaded!
19:00:37 | [ trace ] | network.cpp::download() -> 'commons-io-2.11.0.jar' file started downloading.
19:00:37 | [ info  ] | network.cpp::download() -> File 'commons-io-2.11.0.jar' successfully downloaded!
19:00:37 | [ trace ] | network.cpp::download() -> 'commons-logging-1.2.jar' file started downloading.
19:00:37 | [ info  ] | network.cpp::download() -> File 'commons-logging-1.2.jar' successfully downloaded!
19:00:37 | [ trace ] | network.cpp::download() -> 'netty-buffer-4.1.82.Final.jar' file started downloading.
19:00:38 | [ info  ] | network.cpp::download() -> File 'netty-buffer-4.1.82.Final.jar' successfully downloaded!
19:00:38 | [ trace ] | network.cpp::download() -> 'netty-codec-4.1.82.Final.jar' file started downloading.
19:00:38 | [ info  ] | network.cpp::download() -> File 'netty-codec-4.1.82.Final.jar' successfully downloaded!
19:00:38 | [ trace ] | network.cpp::download() -> 'netty-common-4.1.82.Final.jar' file started downloading.
19:00:38 | [ info  ] | network.cpp::download() -> File 'netty-common-4.1.82.Final.jar' successfully downloaded!
19:00:38 | [ trace ] | network.cpp::download() -> 'netty-handler-4.1.82.Final.jar' file started downloading.
19:00:39 | [ info  ] | network.cpp::download() -> File 'netty-handler-4.1.82.Final.jar' successfully downloaded!
19:00:39 | [ trace ] | network.cpp::download() -> 'netty-resolver-4.1.82.Final.jar' file started downloading.
19:00:39 | [ info  ] | network.cpp::download() -> File 'netty-resolver-4.1.82.Final.jar' successfully downloaded!
19:00:39 | [ trace ] | network.cpp::download() -> 'netty-transport-classes-epoll-4.1.82.Final.jar' file started downloading.
19:00:39 | [ info  ] | network.cpp::download() -> File 'netty-transport-classes-epoll-4.1.82.Final.jar' successfully downloaded!
19:00:39 | [ trace ] | network.cpp::download() -> 'netty-transport-native-epoll-4.1.82.Final-linux-aarch_64.jar' file started downloading.
19:00:39 | [ info  ] | network.cpp::download() -> File 'netty-transport-native-epoll-4.1.82.Final-linux-aarch_64.jar' successfully downloaded!
19:00:39 | [ trace ] | network.cpp::download() -> 'netty-transport-native-epoll-4.1.82.Final-linux-x86_64.jar' file started downloading.
19:00:39 | [ info  ] | network.cpp::download() -> File 'netty-transport-native-epoll-4.1.82.Final-linux-x86_64.jar' successfully downloaded!
19:00:39 | [ trace ] | network.cpp::download() -> 'netty-transport-native-unix-common-4.1.82.Final.jar' file started downloading.
19:00:40 | [ info  ] | network.cpp::download() -> File 'netty-transport-native-unix-common-4.1.82.Final.jar' successfully downloaded!
19:00:40 | [ trace ] | network.cpp::download() -> 'netty-transport-4.1.82.Final.jar' file started downloading.
19:00:40 | [ info  ] | network.cpp::download() -> File 'netty-transport-4.1.82.Final.jar' successfully downloaded!
19:00:40 | [ trace ] | network.cpp::download() -> 'fastutil-8.5.9.jar' file started downloading.
19:00:43 | [ info  ] | network.cpp::download() -> File 'fastutil-8.5.9.jar' successfully downloaded!
19:00:43 | [ trace ] | network.cpp::download() -> 'jna-platform-5.12.1.jar' file started downloading.
19:00:44 | [ info  ] | network.cpp::download() -> File 'jna-platform-5.12.1.jar' successfully downloaded!
19:00:44 | [ trace ] | network.cpp::download() -> 'jna-5.12.1.jar' file started downloading.
19:00:44 | [ info  ] | network.cpp::download() -> File 'jna-5.12.1.jar' successfully downloaded!
19:00:44 | [ trace ] | network.cpp::download() -> 'jopt-simple-5.0.4.jar' file started downloading.
19:00:44 | [ info  ] | network.cpp::download() -> File 'jopt-simple-5.0.4.jar' successfully downloaded!
19:00:44 | [ trace ] | network.cpp::download() -> 'commons-compress-1.21.jar' file started downloading.
19:00:45 | [ info  ] | network.cpp::download() -> File 'commons-compress-1.21.jar' successfully downloaded!
19:00:45 | [ trace ] | network.cpp::download() -> 'commons-lang3-3.12.0.jar' file started downloading.
19:00:45 | [ info  ] | network.cpp::download() -> File 'commons-lang3-3.12.0.jar' successfully downloaded!
19:00:45 | [ trace ] | network.cpp::download() -> 'httpclient-4.5.13.jar' file started downloading.
19:00:45 | [ info  ] | network.cpp::download() -> File 'httpclient-4.5.13.jar' successfully downloaded!
19:00:45 | [ trace ] | network.cpp::download() -> 'httpcore-4.4.15.jar' file started downloading.
19:00:46 | [ info  ] | network.cpp::download() -> File 'httpcore-4.4.15.jar' successfully downloaded!
19:00:46 | [ trace ] | network.cpp::download() -> 'log4j-api-2.19.0.jar' file started downloading.
19:00:46 | [ info  ] | network.cpp::download() -> File 'log4j-api-2.19.0.jar' successfully downloaded!
19:00:46 | [ trace ] | network.cpp::download() -> 'log4j-core-2.19.0.jar' file started downloading.
19:00:46 | [ info  ] | network.cpp::download() -> File 'log4j-core-2.19.0.jar' successfully downloaded!
19:00:46 | [ trace ] | network.cpp::download() -> 'log4j-slf4j2-impl-2.19.0.jar' file started downloading.
19:00:46 | [ info  ] | network.cpp::download() -> File 'log4j-slf4j2-impl-2.19.0.jar' successfully downloaded!
19:00:46 | [ trace ] | network.cpp::download() -> 'joml-1.10.5.jar' file started downloading.
19:00:47 | [ info  ] | network.cpp::download() -> File 'joml-1.10.5.jar' successfully downloaded!
19:00:47 | [ trace ] | network.cpp::download() -> 'lwjgl-glfw-3.3.1.jar' file started downloading.
19:00:47 | [ info  ] | network.cpp::download() -> File 'lwjgl-glfw-3.3.1.jar' successfully downloaded!
19:00:47 | [ trace ] | network.cpp::download() -> 'lwjgl-glfw-3.3.1-natives-linux.jar' file started downloading.
19:00:47 | [ info  ] | network.cpp::download() -> File 'lwjgl-glfw-3.3.1-natives-linux.jar' successfully downloaded!
19:00:47 | [ trace ] | network.cpp::download() -> 'lwjgl-glfw-3.3.1-natives-macos.jar' file started downloading.
19:00:47 | [ info  ] | network.cpp::download() -> File 'lwjgl-glfw-3.3.1-natives-macos.jar' successfully downloaded!
19:00:47 | [ trace ] | network.cpp::download() -> 'lwjgl-glfw-3.3.1-natives-macos-arm64.jar' file started downloading.
19:00:48 | [ info  ] | network.cpp::download() -> File 'lwjgl-glfw-3.3.1-natives-macos-arm64.jar' successfully downloaded!
19:00:48 | [ trace ] | network.cpp::download() -> 'lwjgl-glfw-3.3.1-natives-windows.jar' file started downloading.
19:00:48 | [ info  ] | network.cpp::download() -> File 'lwjgl-glfw-3.3.1-natives-windows.jar' successfully downloaded!
19:00:48 | [ trace ] | network.cpp::download() -> 'lwjgl-glfw-3.3.1-natives-windows-arm64.jar' file started downloading.
19:00:48 | [ info  ] | network.cpp::download() -> File 'lwjgl-glfw-3.3.1-natives-windows-arm64.jar' successfully downloaded!
19:00:48 | [ trace ] | network.cpp::download() -> 'lwjgl-glfw-3.3.1-natives-windows-x86.jar' file started downloading.
19:00:52 | [ info  ] | network.cpp::download() -> File 'lwjgl-glfw-3.3.1-natives-windows-x86.jar' successfully downloaded!
19:00:52 | [ trace ] | network.cpp::download() -> 'lwjgl-jemalloc-3.3.1.jar' file started downloading.
19:00:52 | [ info  ] | network.cpp::download() -> File 'lwjgl-jemalloc-3.3.1.jar' successfully downloaded!
19:00:52 | [ trace ] | network.cpp::download() -> 'lwjgl-jemalloc-3.3.1-natives-linux.jar' file started downloading.
19:00:52 | [ info  ] | network.cpp::download() -> File 'lwjgl-jemalloc-3.3.1-natives-linux.jar' successfully downloaded!
19:00:52 | [ trace ] | network.cpp::download() -> 'lwjgl-jemalloc-3.3.1-natives-macos.jar' file started downloading.
19:00:52 | [ info  ] | network.cpp::download() -> File 'lwjgl-jemalloc-3.3.1-natives-macos.jar' successfully downloaded!
19:00:52 | [ trace ] | network.cpp::download() -> 'lwjgl-jemalloc-3.3.1-natives-macos-arm64.jar' file started downloading.
19:00:52 | [ info  ] | network.cpp::download() -> File 'lwjgl-jemalloc-3.3.1-natives-macos-arm64.jar' successfully downloaded!
19:00:52 | [ trace ] | network.cpp::download() -> 'lwjgl-jemalloc-3.3.1-natives-windows.jar' file started downloading.
19:00:53 | [ info  ] | network.cpp::download() -> File 'lwjgl-jemalloc-3.3.1-natives-windows.jar' successfully downloaded!
19:00:53 | [ trace ] | network.cpp::download() -> 'lwjgl-jemalloc-3.3.1-natives-windows-arm64.jar' file started downloading.
19:00:53 | [ info  ] | network.cpp::download() -> File 'lwjgl-jemalloc-3.3.1-natives-windows-arm64.jar' successfully downloaded!
19:00:53 | [ trace ] | network.cpp::download() -> 'lwjgl-jemalloc-3.3.1-natives-windows-x86.jar' file started downloading.
19:00:53 | [ info  ] | network.cpp::download() -> File 'lwjgl-jemalloc-3.3.1-natives-windows-x86.jar' successfully downloaded!
19:00:53 | [ trace ] | network.cpp::download() -> 'lwjgl-openal-3.3.1.jar' file started downloading.
19:00:53 | [ info  ] | network.cpp::download() -> File 'lwjgl-openal-3.3.1.jar' successfully downloaded!
19:00:53 | [ trace ] | network.cpp::download() -> 'lwjgl-openal-3.3.1-natives-linux.jar' file started downloading.
19:00:53 | [ info  ] | network.cpp::download() -> File 'lwjgl-openal-3.3.1-natives-linux.jar' successfully downloaded!
19:00:53 | [ trace ] | network.cpp::download() -> 'lwjgl-openal-3.3.1-natives-macos.jar' file started downloading.
19:00:54 | [ info  ] | network.cpp::download() -> File 'lwjgl-openal-3.3.1-natives-macos.jar' successfully downloaded!
19:00:54 | [ trace ] | network.cpp::download() -> 'lwjgl-openal-3.3.1-natives-macos-arm64.jar' file started downloading.
19:00:55 | [ info  ] | network.cpp::download() -> File 'lwjgl-openal-3.3.1-natives-macos-arm64.jar' successfully downloaded!
19:00:55 | [ trace ] | network.cpp::download() -> 'lwjgl-openal-3.3.1-natives-windows.jar' file started downloading.
19:00:55 | [ info  ] | network.cpp::download() -> File 'lwjgl-openal-3.3.1-natives-windows.jar' successfully downloaded!
19:00:55 | [ trace ] | network.cpp::download() -> 'lwjgl-openal-3.3.1-natives-windows-arm64.jar' file started downloading.
19:00:55 | [ info  ] | network.cpp::download() -> File 'lwjgl-openal-3.3.1-natives-windows-arm64.jar' successfully downloaded!
19:00:55 | [ trace ] | network.cpp::download() -> 'lwjgl-openal-3.3.1-natives-windows-x86.jar' file started downloading.
19:00:56 | [ info  ] | network.cpp::download() -> File 'lwjgl-openal-3.3.1-natives-windows-x86.jar' successfully downloaded!
19:00:56 | [ trace ] | network.cpp::download() -> 'lwjgl-opengl-3.3.1.jar' file started downloading.
19:00:56 | [ info  ] | network.cpp::download() -> File 'lwjgl-opengl-3.3.1.jar' successfully downloaded!
19:00:56 | [ trace ] | network.cpp::download() -> 'lwjgl-opengl-3.3.1-natives-linux.jar' file started downloading.
19:00:56 | [ info  ] | network.cpp::download() -> File 'lwjgl-opengl-3.3.1-natives-linux.jar' successfully downloaded!
19:00:56 | [ trace ] | network.cpp::download() -> 'lwjgl-opengl-3.3.1-natives-macos.jar' file started downloading.
19:00:56 | [ info  ] | network.cpp::download() -> File 'lwjgl-opengl-3.3.1-natives-macos.jar' successfully downloaded!
19:00:56 | [ trace ] | network.cpp::download() -> 'lwjgl-opengl-3.3.1-natives-macos-arm64.jar' file started downloading.
19:00:57 | [ info  ] | network.cpp::download() -> File 'lwjgl-opengl-3.3.1-natives-macos-arm64.jar' successfully downloaded!
19:00:57 | [ trace ] | network.cpp::download() -> 'lwjgl-opengl-3.3.1-natives-windows.jar' file started downloading.
19:00:57 | [ info  ] | network.cpp::download() -> File 'lwjgl-opengl-3.3.1-natives-windows.jar' successfully downloaded!
19:00:57 | [ trace ] | network.cpp::download() -> 'lwjgl-opengl-3.3.1-natives-windows-arm64.jar' file started downloading.
19:00:58 | [ info  ] | network.cpp::download() -> File 'lwjgl-opengl-3.3.1-natives-windows-arm64.jar' successfully downloaded!
19:00:58 | [ trace ] | network.cpp::download() -> 'lwjgl-opengl-3.3.1-natives-windows-x86.jar' file started downloading.
19:00:58 | [ info  ] | network.cpp::download() -> File 'lwjgl-opengl-3.3.1-natives-windows-x86.jar' successfully downloaded!
19:00:58 | [ trace ] | network.cpp::download() -> 'lwjgl-stb-3.3.1.jar' file started downloading.
19:00:58 | [ info  ] | network.cpp::download() -> File 'lwjgl-stb-3.3.1.jar' successfully downloaded!
19:00:58 | [ trace ] | network.cpp::download() -> 'lwjgl-stb-3.3.1-natives-linux.jar' file started downloading.
19:00:58 | [ info  ] | network.cpp::download() -> File 'lwjgl-stb-3.3.1-natives-linux.jar' successfully downloaded!
19:00:58 | [ trace ] | network.cpp::download() -> 'lwjgl-stb-3.3.1-natives-macos.jar' file started downloading.
19:00:59 | [ info  ] | network.cpp::download() -> File 'lwjgl-stb-3.3.1-natives-macos.jar' successfully downloaded!
19:00:59 | [ trace ] | network.cpp::download() -> 'lwjgl-stb-3.3.1-natives-macos-arm64.jar' file started downloading.
19:00:59 | [ info  ] | network.cpp::download() -> File 'lwjgl-stb-3.3.1-natives-macos-arm64.jar' successfully downloaded!
19:00:59 | [ trace ] | network.cpp::download() -> 'lwjgl-stb-3.3.1-natives-windows.jar' file started downloading.
19:00:59 | [ info  ] | network.cpp::download() -> File 'lwjgl-stb-3.3.1-natives-windows.jar' successfully downloaded!
19:00:59 | [ trace ] | network.cpp::download() -> 'lwjgl-stb-3.3.1-natives-windows-arm64.jar' file started downloading.
19:00:59 | [ info  ] | network.cpp::download() -> File 'lwjgl-stb-3.3.1-natives-windows-arm64.jar' successfully downloaded!
19:00:59 | [ trace ] | network.cpp::download() -> 'lwjgl-stb-3.3.1-natives-windows-x86.jar' file started downloading.
19:01:00 | [ info  ] | network.cpp::download() -> File 'lwjgl-stb-3.3.1-natives-windows-x86.jar' successfully downloaded!
19:01:00 | [ trace ] | network.cpp::download() -> 'lwjgl-tinyfd-3.3.1.jar' file started downloading.
19:01:00 | [ info  ] | network.cpp::download() -> File 'lwjgl-tinyfd-3.3.1.jar' successfully downloaded!
19:01:00 | [ trace ] | network.cpp::download() -> 'lwjgl-tinyfd-3.3.1-natives-linux.jar' file started downloading.
19:01:00 | [ info  ] | network.cpp::download() -> File 'lwjgl-tinyfd-3.3.1-natives-linux.jar' successfully downloaded!
19:01:00 | [ trace ] | network.cpp::download() -> 'lwjgl-tinyfd-3.3.1-natives-macos.jar' file started downloading.
19:01:01 | [ info  ] | network.cpp::download() -> File 'lwjgl-tinyfd-3.3.1-natives-macos.jar' successfully downloaded!
19:01:01 | [ trace ] | network.cpp::download() -> 'lwjgl-tinyfd-3.3.1-natives-macos-arm64.jar' file started downloading.
19:01:01 | [ info  ] | network.cpp::download() -> File 'lwjgl-tinyfd-3.3.1-natives-macos-arm64.jar' successfully downloaded!
19:01:01 | [ trace ] | network.cpp::download() -> 'lwjgl-tinyfd-3.3.1-natives-windows.jar' file started downloading.
19:01:01 | [ info  ] | network.cpp::download() -> File 'lwjgl-tinyfd-3.3.1-natives-windows.jar' successfully downloaded!
19:01:01 | [ trace ] | network.cpp::download() -> 'lwjgl-tinyfd-3.3.1-natives-windows-arm64.jar' file started downloading.
19:01:02 | [ info  ] | network.cpp::download() -> File 'lwjgl-tinyfd-3.3.1-natives-windows-arm64.jar' successfully downloaded!
19:01:02 | [ trace ] | network.cpp::download() -> 'lwjgl-tinyfd-3.3.1-natives-windows-x86.jar' file started downloading.
19:01:02 | [ info  ] | network.cpp::download() -> File 'lwjgl-tinyfd-3.3.1-natives-windows-x86.jar' successfully downloaded!
19:01:02 | [ trace ] | network.cpp::download() -> 'lwjgl-3.3.1.jar' file started downloading.
19:01:02 | [ info  ] | network.cpp::download() -> File 'lwjgl-3.3.1.jar' successfully downloaded!
19:01:02 | [ trace ] | network.cpp::download() -> 'lwjgl-3.3.1-natives-linux.jar' file started downloading.
19:01:02 | [ info  ] | network.cpp::download() -> File 'lwjgl-3.3.1-natives-linux.jar' successfully downloaded!
19:01:02 | [ trace ] | network.cpp::download() -> 'lwjgl-3.3.1-natives-macos.jar' file started downloading.
19:01:03 | [ info  ] | network.cpp::download() -> File 'lwjgl-3.3.1-natives-macos.jar' successfully downloaded!
19:01:03 | [ trace ] | network.cpp::download() -> 'lwjgl-3.3.1-natives-macos-arm64.jar' file started downloading.
19:01:03 | [ info  ] | network.cpp::download() -> File 'lwjgl-3.3.1-natives-macos-arm64.jar' successfully downloaded!
19:01:03 | [ trace ] | network.cpp::download() -> 'lwjgl-3.3.1-natives-windows.jar' file started downloading.
19:01:03 | [ info  ] | network.cpp::download() -> File 'lwjgl-3.3.1-natives-windows.jar' successfully downloaded!
19:01:03 | [ trace ] | network.cpp::download() -> 'lwjgl-3.3.1-natives-windows-arm64.jar' file started downloading.
19:01:03 | [ info  ] | network.cpp::download() -> File 'lwjgl-3.3.1-natives-windows-arm64.jar' successfully downloaded!
19:01:03 | [ trace ] | network.cpp::download() -> 'lwjgl-3.3.1-natives-windows-x86.jar' file started downloading.
19:01:04 | [ info  ] | network.cpp::download() -> File 'lwjgl-3.3.1-natives-windows-x86.jar' successfully downloaded!
19:01:04 | [ trace ] | network.cpp::download() -> 'slf4j-api-2.0.1.jar' file started downloading.
19:01:04 | [ info  ] | network.cpp::download() -> File 'slf4j-api-2.0.1.jar' successfully downloaded!
19:01:04 | [ trace ] | network.cpp::download() -> '1.20.1.jar' file started downloading.
19:01:04 | [ info  ] | network.cpp::download() -> File '1.20.1.jar' successfully downloaded!
