c:\users\booris\source\repos\mcgw\mcgw\x64\release\vc143.pdb
c:\users\booris\source\repos\mcgw\mcgw\x64\release\logger.obj
c:\users\booris\source\repos\mcgw\mcgw\x64\release\versions.obj
c:\users\booris\source\repos\mcgw\mcgw\x64\release\utils.obj
c:\users\booris\source\repos\mcgw\mcgw\x64\release\network.obj
c:\users\booris\source\repos\mcgw\mcgw\x64\release\main.obj
c:\users\booris\source\repos\mcgw\mcgw\x64\release\applink.obj
c:\users\booris\source\repos\mcgw\x64\release\mcgw.exe
c:\users\booris\source\repos\mcgw\x64\release\mcgw.pdb
c:\users\booris\source\repos\mcgw\x64\release\mcgw.lib
c:\users\booris\source\repos\mcgw\x64\release\mcgw.exp
c:\users\booris\source\repos\mcgw\mcgw\x64\release\mcgw.ipdb
c:\users\booris\source\repos\mcgw\mcgw\x64\release\mcgw.iobj
c:\users\booris\source\repos\mcgw\mcgw\x64\release\mcgw.tlog\cl.command.1.tlog
c:\users\booris\source\repos\mcgw\mcgw\x64\release\mcgw.tlog\cl.items.tlog
c:\users\booris\source\repos\mcgw\mcgw\x64\release\mcgw.tlog\cl.read.1.tlog
c:\users\booris\source\repos\mcgw\mcgw\x64\release\mcgw.tlog\cl.write.1.tlog
c:\users\booris\source\repos\mcgw\mcgw\x64\release\mcgw.tlog\link.command.1.tlog
c:\users\booris\source\repos\mcgw\mcgw\x64\release\mcgw.tlog\link.read.1.tlog
c:\users\booris\source\repos\mcgw\mcgw\x64\release\mcgw.tlog\link.secondary.1.tlog
c:\users\booris\source\repos\mcgw\mcgw\x64\release\mcgw.tlog\link.write.1.tlog
